<?xml version="1.0" encoding="UTF-8"?>
<testsuite xmlns:xsi="http://www.w3.org/2001/XMLSchema-instance" xsi:noNamespaceSchemaLocation="https://maven.apache.org/surefire/maven-surefire-plugin/xsd/surefire-test-report-3.0.xsd" version="3.0" name="es.uca.iw.telefonuca.user.unit.UserRepositoryTest" time="3.012" tests="2" errors="0" skipped="0" failures="0">
  <properties>
    <property name="java.specification.version" value="21"/>
    <property name="sun.jnu.encoding" value="UTF-8"/>
    <property name="java.class.path" value="/home/david/Documentos/Repositorios_github/Proyecto IW/iw2023-2024-TelefonUCA-3/target/test-classes:/home/david/Documentos/Repositorios_github/Proyecto IW/iw2023-2024-TelefonUCA-3/target/classes:/home/david/.m2/repository/org/postgresql/postgresql/42.2.23/postgresql-42.2.23.jar:/home/david/.m2/repository/org/checkerframework/checker-qual/3.5.0/checker-qual-3.5.0.jar:/home/david/.m2/repository/org/springframework/boot/spring-boot-starter-actuator/3.2.1/spring-boot-starter-actuator-3.2.1.jar:/home/david/.m2/repository/org/springframework/boot/spring-boot-actuator-autoconfigure/3.2.1/spring-boot-actuator-autoconfigure-3.2.1.jar:/home/david/.m2/repository/org/springframework/boot/spring-boot-actuator/3.2.1/spring-boot-actuator-3.2.1.jar:/home/david/.m2/repository/com/fasterxml/jackson/core/jackson-databind/2.15.3/jackson-databind-2.15.3.jar:/home/david/.m2/repository/com/fasterxml/jackson/core/jackson-annotations/2.15.3/jackson-annotations-2.15.3.jar:/home/david/.m2/repository/com/fasterxml/jackson/core/jackson-core/2.15.3/jackson-core-2.15.3.jar:/home/david/.m2/repository/com/fasterxml/jackson/datatype/jackson-datatype-jsr310/2.15.3/jackson-datatype-jsr310-2.15.3.jar:/home/david/.m2/repository/io/micrometer/micrometer-observation/1.12.1/micrometer-observation-1.12.1.jar:/home/david/.m2/repository/io/micrometer/micrometer-commons/1.12.1/micrometer-commons-1.12.1.jar:/home/david/.m2/repository/io/micrometer/micrometer-jakarta9/1.12.1/micrometer-jakarta9-1.12.1.jar:/home/david/.m2/repository/io/micrometer/micrometer-core/1.12.1/micrometer-core-1.12.1.jar:/home/david/.m2/repository/org/hdrhistogram/HdrHistogram/2.1.12/HdrHistogram-2.1.12.jar:/home/david/.m2/repository/org/latencyutils/LatencyUtils/2.0.3/LatencyUtils-2.0.3.jar:/home/david/.m2/repository/org/springframework/boot/spring-boot-starter/3.2.1/spring-boot-starter-3.2.1.jar:/home/david/.m2/repository/org/springframework/boot/spring-boot/3.2.1/spring-boot-3.2.1.jar:/home/david/.m2/repository/org/springframework/spring-context/6.1.2/spring-context-6.1.2.jar:/home/david/.m2/repository/org/springframework/boot/spring-boot-autoconfigure/3.2.1/spring-boot-autoconfigure-3.2.1.jar:/home/david/.m2/repository/org/springframework/boot/spring-boot-starter-logging/3.2.1/spring-boot-starter-logging-3.2.1.jar:/home/david/.m2/repository/ch/qos/logback/logback-classic/1.4.14/logback-classic-1.4.14.jar:/home/david/.m2/repository/ch/qos/logback/logback-core/1.4.14/logback-core-1.4.14.jar:/home/david/.m2/repository/org/apache/logging/log4j/log4j-to-slf4j/2.21.1/log4j-to-slf4j-2.21.1.jar:/home/david/.m2/repository/org/apache/logging/log4j/log4j-api/2.21.1/log4j-api-2.21.1.jar:/home/david/.m2/repository/org/slf4j/jul-to-slf4j/2.0.9/jul-to-slf4j-2.0.9.jar:/home/david/.m2/repository/jakarta/annotation/jakarta.annotation-api/2.1.1/jakarta.annotation-api-2.1.1.jar:/home/david/.m2/repository/org/springframework/spring-core/6.1.2/spring-core-6.1.2.jar:/home/david/.m2/repository/org/springframework/spring-jcl/6.1.2/spring-jcl-6.1.2.jar:/home/david/.m2/repository/org/yaml/snakeyaml/2.2/snakeyaml-2.2.jar:/home/david/.m2/repository/org/springframework/boot/spring-boot-starter-test/3.2.1/spring-boot-starter-test-3.2.1.jar:/home/david/.m2/repository/org/springframework/boot/spring-boot-test/3.2.1/spring-boot-test-3.2.1.jar:/home/david/.m2/repository/org/springframework/boot/spring-boot-test-autoconfigure/3.2.1/spring-boot-test-autoconfigure-3.2.1.jar:/home/david/.m2/repository/com/jayway/jsonpath/json-path/2.8.0/json-path-2.8.0.jar:/home/david/.m2/repository/jakarta/xml/bind/jakarta.xml.bind-api/4.0.1/jakarta.xml.bind-api-4.0.1.jar:/home/david/.m2/repository/jakarta/activation/jakarta.activation-api/2.1.2/jakarta.activation-api-2.1.2.jar:/home/david/.m2/repository/net/minidev/json-smart/2.5.0/json-smart-2.5.0.jar:/home/david/.m2/repository/net/minidev/accessors-smart/2.5.0/accessors-smart-2.5.0.jar:/home/david/.m2/repository/org/ow2/asm/asm/9.3/asm-9.3.jar:/home/david/.m2/repository/org/assertj/assertj-core/3.24.2/assertj-core-3.24.2.jar:/home/david/.m2/repository/net/bytebuddy/byte-buddy/1.14.10/byte-buddy-1.14.10.jar:/home/david/.m2/repository/org/awaitility/awaitility/4.2.0/awaitility-4.2.0.jar:/home/david/.m2/repository/org/hamcrest/hamcrest/2.2/hamcrest-2.2.jar:/home/david/.m2/repository/org/junit/jupiter/junit-jupiter/5.10.1/junit-jupiter-5.10.1.jar:/home/david/.m2/repository/org/junit/jupiter/junit-jupiter-api/5.10.1/junit-jupiter-api-5.10.1.jar:/home/david/.m2/repository/org/junit/jupiter/junit-jupiter-params/5.10.1/junit-jupiter-params-5.10.1.jar:/home/david/.m2/repository/org/junit/jupiter/junit-jupiter-engine/5.10.1/junit-jupiter-engine-5.10.1.jar:/home/david/.m2/repository/org/mockito/mockito-core/5.7.0/mockito-core-5.7.0.jar:/home/david/.m2/repository/net/bytebuddy/byte-buddy-agent/1.14.10/byte-buddy-agent-1.14.10.jar:/home/david/.m2/repository/org/objenesis/objenesis/3.3/objenesis-3.3.jar:/home/david/.m2/repository/org/mockito/mockito-junit-jupiter/5.7.0/mockito-junit-jupiter-5.7.0.jar:/home/david/.m2/repository/org/skyscreamer/jsonassert/1.5.1/jsonassert-1.5.1.jar:/home/david/.m2/repository/com/vaadin/external/google/android-json/0.0.20131108.vaadin1/android-json-0.0.20131108.vaadin1.jar:/home/david/.m2/repository/org/springframework/spring-test/6.1.2/spring-test-6.1.2.jar:/home/david/.m2/repository/org/xmlunit/xmlunit-core/2.9.1/xmlunit-core-2.9.1.jar:/home/david/.m2/repository/org/springframework/boot/spring-boot-starter-validation/3.2.1/spring-boot-starter-validation-3.2.1.jar:/home/david/.m2/repository/org/apache/tomcat/embed/tomcat-embed-el/10.1.17/tomcat-embed-el-10.1.17.jar:/home/david/.m2/repository/org/hibernate/validator/hibernate-validator/8.0.1.Final/hibernate-validator-8.0.1.Final.jar:/home/david/.m2/repository/jakarta/validation/jakarta.validation-api/3.0.2/jakarta.validation-api-3.0.2.jar:/home/david/.m2/repository/org/jboss/logging/jboss-logging/3.5.3.Final/jboss-logging-3.5.3.Final.jar:/home/david/.m2/repository/com/fasterxml/classmate/1.6.0/classmate-1.6.0.jar:/home/david/.m2/repository/org/springframework/boot/spring-boot-starter-mail/3.2.1/spring-boot-starter-mail-3.2.1.jar:/home/david/.m2/repository/org/springframework/spring-context-support/6.1.2/spring-context-support-6.1.2.jar:/home/david/.m2/repository/org/springframework/spring-beans/6.1.2/spring-beans-6.1.2.jar:/home/david/.m2/repository/org/eclipse/angus/jakarta.mail/2.0.2/jakarta.mail-2.0.2.jar:/home/david/.m2/repository/org/eclipse/angus/angus-activation/2.0.1/angus-activation-2.0.1.jar:/home/david/.m2/repository/org/springframework/boot/spring-boot-starter-data-jpa/3.2.1/spring-boot-starter-data-jpa-3.2.1.jar:/home/david/.m2/repository/org/springframework/boot/spring-boot-starter-aop/3.2.1/spring-boot-starter-aop-3.2.1.jar:/home/david/.m2/repository/org/aspectj/aspectjweaver/1.9.21/aspectjweaver-1.9.21.jar:/home/david/.m2/repository/org/springframework/boot/spring-boot-starter-jdbc/3.2.1/spring-boot-starter-jdbc-3.2.1.jar:/home/david/.m2/repository/com/zaxxer/HikariCP/5.0.1/HikariCP-5.0.1.jar:/home/david/.m2/repository/org/springframework/spring-jdbc/6.1.2/spring-jdbc-6.1.2.jar:/home/david/.m2/repository/org/hibernate/orm/hibernate-core/6.4.1.Final/hibernate-core-6.4.1.Final.jar:/home/david/.m2/repository/jakarta/persistence/jakarta.persistence-api/3.1.0/jakarta.persistence-api-3.1.0.jar:/home/david/.m2/repository/jakarta/transaction/jakarta.transaction-api/2.0.1/jakarta.transaction-api-2.0.1.jar:/home/david/.m2/repository/org/hibernate/common/hibernate-commons-annotations/6.0.6.Final/hibernate-commons-annotations-6.0.6.Final.jar:/home/david/.m2/repository/io/smallrye/jandex/3.1.2/jandex-3.1.2.jar:/home/david/.m2/repository/org/glassfish/jaxb/jaxb-runtime/4.0.4/jaxb-runtime-4.0.4.jar:/home/david/.m2/repository/org/glassfish/jaxb/jaxb-core/4.0.4/jaxb-core-4.0.4.jar:/home/david/.m2/repository/org/glassfish/jaxb/txw2/4.0.4/txw2-4.0.4.jar:/home/david/.m2/repository/com/sun/istack/istack-commons-runtime/4.1.2/istack-commons-runtime-4.1.2.jar:/home/david/.m2/repository/jakarta/inject/jakarta.inject-api/2.0.1/jakarta.inject-api-2.0.1.jar:/home/david/.m2/repository/org/antlr/antlr4-runtime/4.13.0/antlr4-runtime-4.13.0.jar:/home/david/.m2/repository/org/springframework/data/spring-data-jpa/3.2.1/spring-data-jpa-3.2.1.jar:/home/david/.m2/repository/org/springframework/data/spring-data-commons/3.2.1/spring-data-commons-3.2.1.jar:/home/david/.m2/repository/org/springframework/spring-orm/6.1.2/spring-orm-6.1.2.jar:/home/david/.m2/repository/org/springframework/spring-tx/6.1.2/spring-tx-6.1.2.jar:/home/david/.m2/repository/org/springframework/spring-aspects/6.1.2/spring-aspects-6.1.2.jar:/home/david/.m2/repository/org/springframework/boot/spring-boot-starter-security/3.2.1/spring-boot-starter-security-3.2.1.jar:/home/david/.m2/repository/org/springframework/spring-aop/6.1.2/spring-aop-6.1.2.jar:/home/david/.m2/repository/org/springframework/security/spring-security-config/6.2.1/spring-security-config-6.2.1.jar:/home/david/.m2/repository/org/springframework/security/spring-security-web/6.2.1/spring-security-web-6.2.1.jar:/home/david/.m2/repository/org/springframework/spring-expression/6.1.2/spring-expression-6.1.2.jar:/home/david/.m2/repository/org/springframework/spring-web/6.1.2/spring-web-6.1.2.jar:/home/david/.m2/repository/com/vaadin/vaadin-spring-boot-starter/24.2.2/vaadin-spring-boot-starter-24.2.2.jar:/home/david/.m2/repository/com/vaadin/vaadin-spring/24.2.2/vaadin-spring-24.2.2.jar:/home/david/.m2/repository/com/vaadin/flow-server/24.2.2/flow-server-24.2.2.jar:/home/david/.m2/repository/com/vaadin/servletdetector/throw-if-servlet3/1.0.2/throw-if-servlet3-1.0.2.jar:/home/david/.m2/repository/com/vaadin/external/gwt/gwt-elemental/2.8.2.vaadin2/gwt-elemental-2.8.2.vaadin2.jar:/home/david/.m2/repository/org/apache/commons/commons-fileupload2-jakarta/2.0.0-M1/commons-fileupload2-jakarta-2.0.0-M1.jar:/home/david/.m2/repository/org/apache/commons/commons-fileupload2-core/2.0.0-M1/commons-fileupload2-core-2.0.0-M1.jar:/home/david/.m2/repository/commons-io/commons-io/2.13.0/commons-io-2.13.0.jar:/home/david/.m2/repository/org/jsoup/jsoup/1.16.1/jsoup-1.16.1.jar:/home/david/.m2/repository/com/helger/ph-css/7.0.1/ph-css-7.0.1.jar:/home/david/.m2/repository/com/helger/commons/ph-commons/11.1.0/ph-commons-11.1.0.jar:/home/david/.m2/repository/com/vaadin/external/gentyref/1.2.0.vaadin1/gentyref-1.2.0.vaadin1.jar:/home/david/.m2/repository/com/vaadin/flow-push/24.2.2/flow-push-24.2.2.jar:/home/david/.m2/repository/com/vaadin/external/atmosphere/atmosphere-runtime/3.0.3.slf4jvaadin1/atmosphere-runtime-3.0.3.slf4jvaadin1.jar:/home/david/.m2/repository/com/vaadin/flow-client/24.2.2/flow-client-24.2.2.jar:/home/david/.m2/repository/org/springframework/spring-webmvc/6.1.2/spring-webmvc-6.1.2.jar:/home/david/.m2/repository/org/springframework/spring-websocket/6.1.2/spring-websocket-6.1.2.jar:/home/david/.m2/repository/org/reflections/reflections/0.10.2/reflections-0.10.2.jar:/home/david/.m2/repository/org/javassist/javassist/3.28.0-GA/javassist-3.28.0-GA.jar:/home/david/.m2/repository/com/google/code/findbugs/jsr305/3.0.2/jsr305-3.0.2.jar:/home/david/.m2/repository/org/springframework/boot/spring-boot-starter-web/3.2.1/spring-boot-starter-web-3.2.1.jar:/home/david/.m2/repository/org/springframework/boot/spring-boot-starter-json/3.2.1/spring-boot-starter-json-3.2.1.jar:/home/david/.m2/repository/com/fasterxml/jackson/datatype/jackson-datatype-jdk8/2.15.3/jackson-datatype-jdk8-2.15.3.jar:/home/david/.m2/repository/com/fasterxml/jackson/module/jackson-module-parameter-names/2.15.3/jackson-module-parameter-names-2.15.3.jar:/home/david/.m2/repository/org/springframework/boot/spring-boot-starter-tomcat/3.2.1/spring-boot-starter-tomcat-3.2.1.jar:/home/david/.m2/repository/org/apache/tomcat/embed/tomcat-embed-core/10.1.17/tomcat-embed-core-10.1.17.jar:/home/david/.m2/repository/org/apache/tomcat/embed/tomcat-embed-websocket/10.1.17/tomcat-embed-websocket-10.1.17.jar:/home/david/.m2/repository/org/springframework/boot/spring-boot-devtools/3.2.1/spring-boot-devtools-3.2.1.jar:/home/david/.m2/repository/com/vaadin/vaadin-core/24.2.2/vaadin-core-24.2.2.jar:/home/david/.m2/repository/com/vaadin/vaadin-core-internal/24.2.2/vaadin-core-internal-24.2.2.jar:/home/david/.m2/repository/com/vaadin/flow-lit-template/24.2.2/flow-lit-template-24.2.2.jar:/home/david/.m2/repository/com/vaadin/flow-html-components/24.2.2/flow-html-components-24.2.2.jar:/home/david/.m2/repository/com/vaadin/flow-data/24.2.2/flow-data-24.2.2.jar:/home/david/.m2/repository/com/vaadin/flow-dnd/24.2.2/flow-dnd-24.2.2.jar:/home/david/.m2/repository/com/vaadin/vaadin-lumo-theme/24.2.2/vaadin-lumo-theme-24.2.2.jar:/home/david/.m2/repository/com/vaadin/vaadin-material-theme/24.2.2/vaadin-material-theme-24.2.2.jar:/home/david/.m2/repository/com/vaadin/vaadin-accordion-flow/24.2.2/vaadin-accordion-flow-24.2.2.jar:/home/david/.m2/repository/com/vaadin/vaadin-avatar-flow/24.2.2/vaadin-avatar-flow-24.2.2.jar:/home/david/.m2/repository/com/vaadin/vaadin-flow-components-base/24.2.2/vaadin-flow-components-base-24.2.2.jar:/home/david/.m2/repository/com/vaadin/vaadin-button-flow/24.2.2/vaadin-button-flow-24.2.2.jar:/home/david/.m2/repository/com/vaadin/vaadin-checkbox-flow/24.2.2/vaadin-checkbox-flow-24.2.2.jar:/home/david/.m2/repository/com/vaadin/vaadin-combo-box-flow/24.2.2/vaadin-combo-box-flow-24.2.2.jar:/home/david/.m2/repository/com/vaadin/vaadin-confirm-dialog-flow/24.2.2/vaadin-confirm-dialog-flow-24.2.2.jar:/home/david/.m2/repository/com/vaadin/vaadin-custom-field-flow/24.2.2/vaadin-custom-field-flow-24.2.2.jar:/home/david/.m2/repository/com/vaadin/vaadin-date-picker-flow/24.2.2/vaadin-date-picker-flow-24.2.2.jar:/home/david/.m2/repository/com/vaadin/vaadin-date-time-picker-flow/24.2.2/vaadin-date-time-picker-flow-24.2.2.jar:/home/david/.m2/repository/com/vaadin/vaadin-details-flow/24.2.2/vaadin-details-flow-24.2.2.jar:/home/david/.m2/repository/com/vaadin/vaadin-time-picker-flow/24.2.2/vaadin-time-picker-flow-24.2.2.jar:/home/david/.m2/repository/com/vaadin/vaadin-select-flow/24.2.2/vaadin-select-flow-24.2.2.jar:/home/david/.m2/repository/com/vaadin/vaadin-side-nav-flow/24.2.2/vaadin-side-nav-flow-24.2.2.jar:/home/david/.m2/repository/com/vaadin/vaadin-dialog-flow/24.2.2/vaadin-dialog-flow-24.2.2.jar:/home/david/.m2/repository/com/vaadin/vaadin-form-layout-flow/24.2.2/vaadin-form-layout-flow-24.2.2.jar:/home/david/.m2/repository/com/vaadin/vaadin-field-highlighter-flow/24.2.2/vaadin-field-highlighter-flow-24.2.2.jar:/home/david/.m2/repository/com/vaadin/vaadin-grid-flow/24.2.2/vaadin-grid-flow-24.2.2.jar:/home/david/.m2/repository/com/vaadin/vaadin-icons-flow/24.2.2/vaadin-icons-flow-24.2.2.jar:/home/david/.m2/repository/com/vaadin/vaadin-virtual-list-flow/24.2.2/vaadin-virtual-list-flow-24.2.2.jar:/home/david/.m2/repository/com/vaadin/vaadin-list-box-flow/24.2.2/vaadin-list-box-flow-24.2.2.jar:/home/david/.m2/repository/com/vaadin/vaadin-login-flow/24.2.2/vaadin-login-flow-24.2.2.jar:/home/david/.m2/repository/com/vaadin/vaadin-messages-flow/24.2.2/vaadin-messages-flow-24.2.2.jar:/home/david/.m2/repository/com/vaadin/vaadin-ordered-layout-flow/24.2.2/vaadin-ordered-layout-flow-24.2.2.jar:/home/david/.m2/repository/com/vaadin/vaadin-progress-bar-flow/24.2.2/vaadin-progress-bar-flow-24.2.2.jar:/home/david/.m2/repository/com/vaadin/vaadin-radio-button-flow/24.2.2/vaadin-radio-button-flow-24.2.2.jar:/home/david/.m2/repository/com/vaadin/vaadin-renderer-flow/24.2.2/vaadin-renderer-flow-24.2.2.jar:/home/david/.m2/repository/com/vaadin/vaadin-split-layout-flow/24.2.2/vaadin-split-layout-flow-24.2.2.jar:/home/david/.m2/repository/com/vaadin/vaadin-tabs-flow/24.2.2/vaadin-tabs-flow-24.2.2.jar:/home/david/.m2/repository/com/vaadin/vaadin-text-field-flow/24.2.2/vaadin-text-field-flow-24.2.2.jar:/home/david/.m2/repository/com/vaadin/vaadin-upload-flow/24.2.2/vaadin-upload-flow-24.2.2.jar:/home/david/.m2/repository/com/vaadin/vaadin-notification-flow/24.2.2/vaadin-notification-flow-24.2.2.jar:/home/david/.m2/repository/com/vaadin/vaadin-app-layout-flow/24.2.2/vaadin-app-layout-flow-24.2.2.jar:/home/david/.m2/repository/com/vaadin/vaadin-context-menu-flow/24.2.2/vaadin-context-menu-flow-24.2.2.jar:/home/david/.m2/repository/com/vaadin/vaadin-menu-bar-flow/24.2.2/vaadin-menu-bar-flow-24.2.2.jar:/home/david/.m2/repository/com/vaadin/vaadin-dev/24.2.2/vaadin-dev-24.2.2.jar:/home/david/.m2/repository/com/vaadin/vaadin-dev-server/24.2.2/vaadin-dev-server-24.2.2.jar:/home/david/.m2/repository/com/vaadin/license-checker/1.12.3/license-checker-1.12.3.jar:/home/david/.m2/repository/com/github/oshi/oshi-core/6.4.1/oshi-core-6.4.1.jar:/home/david/.m2/repository/net/java/dev/jna/jna-platform/5.13.0/jna-platform-5.13.0.jar:/home/david/.m2/repository/com/nimbusds/nimbus-jose-jwt/9.31/nimbus-jose-jwt-9.31.jar:/home/david/.m2/repository/org/lucee/jcip-annotations/1.0.0/jcip-annotations-1.0.0.jar:/home/david/.m2/repository/com/vaadin/open/8.5.0/open-8.5.0.jar:/home/david/.m2/repository/com/github/javaparser/javaparser-core/3.25.5/javaparser-core-3.25.5.jar:/home/david/.m2/repository/io/methvin/directory-watcher/0.18.0/directory-watcher-0.18.0.jar:/home/david/.m2/repository/com/vaadin/vaadin-dev-bundle/24.2.2/vaadin-dev-bundle-24.2.2.jar:/home/david/.m2/repository/org/parttio/line-awesome/2.0.0/line-awesome-2.0.0.jar:/home/david/.m2/repository/com/mysql/mysql-connector-j/8.2.0/mysql-connector-j-8.2.0.jar:/home/david/.m2/repository/com/h2database/h2/2.2.224/h2-2.2.224.jar:/home/david/.m2/repository/com/github/javafaker/javafaker/1.0.2/javafaker-1.0.2.jar:/home/david/.m2/repository/org/apache/commons/commons-lang3/3.13.0/commons-lang3-3.13.0.jar:/home/david/.m2/repository/org/yaml/snakeyaml/1.23/snakeyaml-1.23-android.jar:/home/david/.m2/repository/com/github/mifmif/generex/1.0.2/generex-1.0.2.jar:/home/david/.m2/repository/dk/brics/automaton/automaton/1.11-8/automaton-1.11-8.jar:/home/david/.m2/repository/org/seleniumhq/selenium/selenium-java/4.14.0/selenium-java-4.14.0.jar:/home/david/.m2/repository/org/seleniumhq/selenium/selenium-api/4.14.0/selenium-api-4.14.0.jar:/home/david/.m2/repository/org/seleniumhq/selenium/selenium-chrome-driver/4.14.0/selenium-chrome-driver-4.14.0.jar:/home/david/.m2/repository/com/google/auto/service/auto-service-annotations/1.1.1/auto-service-annotations-1.1.1.jar:/home/david/.m2/repository/com/google/guava/guava/32.1.2-jre/guava-32.1.2-jre.jar:/home/david/.m2/repository/com/google/guava/failureaccess/1.0.1/failureaccess-1.0.1.jar:/home/david/.m2/repository/com/google/guava/listenablefuture/9999.0-empty-to-avoid-conflict-with-guava/listenablefuture-9999.0-empty-to-avoid-conflict-with-guava.jar:/home/david/.m2/repository/com/google/errorprone/error_prone_annotations/2.18.0/error_prone_annotations-2.18.0.jar:/home/david/.m2/repository/com/google/j2objc/j2objc-annotations/2.8/j2objc-annotations-2.8.jar:/home/david/.m2/repository/org/seleniumhq/selenium/selenium-chromium-driver/4.14.0/selenium-chromium-driver-4.14.0.jar:/home/david/.m2/repository/org/seleniumhq/selenium/selenium-json/4.14.0/selenium-json-4.14.0.jar:/home/david/.m2/repository/org/seleniumhq/selenium/selenium-manager/4.14.0/selenium-manager-4.14.0.jar:/home/david/.m2/repository/org/seleniumhq/selenium/selenium-devtools-v116/4.14.0/selenium-devtools-v116-4.14.0.jar:/home/david/.m2/repository/org/seleniumhq/selenium/selenium-devtools-v117/4.14.0/selenium-devtools-v117-4.14.0.jar:/home/david/.m2/repository/org/seleniumhq/selenium/selenium-devtools-v118/4.14.0/selenium-devtools-v118-4.14.0.jar:/home/david/.m2/repository/org/seleniumhq/selenium/selenium-devtools-v85/4.14.0/selenium-devtools-v85-4.14.0.jar:/home/david/.m2/repository/org/seleniumhq/selenium/selenium-edge-driver/4.14.0/selenium-edge-driver-4.14.0.jar:/home/david/.m2/repository/org/seleniumhq/selenium/selenium-firefox-driver/4.14.0/selenium-firefox-driver-4.14.0.jar:/home/david/.m2/repository/org/seleniumhq/selenium/selenium-http/4.14.0/selenium-http-4.14.0.jar:/home/david/.m2/repository/dev/failsafe/failsafe/3.3.2/failsafe-3.3.2.jar:/home/david/.m2/repository/org/seleniumhq/selenium/selenium-ie-driver/4.14.0/selenium-ie-driver-4.14.0.jar:/home/david/.m2/repository/org/seleniumhq/selenium/selenium-remote-driver/4.14.0/selenium-remote-driver-4.14.0.jar:/home/david/.m2/repository/io/opentelemetry/opentelemetry-api/1.31.0/opentelemetry-api-1.31.0.jar:/home/david/.m2/repository/io/opentelemetry/opentelemetry-context/1.31.0/opentelemetry-context-1.31.0.jar:/home/david/.m2/repository/io/opentelemetry/opentelemetry-exporter-logging/1.31.0/opentelemetry-exporter-logging-1.31.0.jar:/home/david/.m2/repository/io/opentelemetry/opentelemetry-sdk-common/1.31.0/opentelemetry-sdk-common-1.31.0.jar:/home/david/.m2/repository/io/opentelemetry/opentelemetry-sdk-extension-autoconfigure-spi/1.31.0/opentelemetry-sdk-extension-autoconfigure-spi-1.31.0.jar:/home/david/.m2/repository/io/opentelemetry/opentelemetry-sdk-extension-autoconfigure/1.31.0/opentelemetry-sdk-extension-autoconfigure-1.31.0.jar:/home/david/.m2/repository/io/opentelemetry/opentelemetry-api-events/1.31.0-alpha/opentelemetry-api-events-1.31.0-alpha.jar:/home/david/.m2/repository/io/opentelemetry/opentelemetry-sdk-trace/1.31.0/opentelemetry-sdk-trace-1.31.0.jar:/home/david/.m2/repository/io/opentelemetry/opentelemetry-sdk/1.31.0/opentelemetry-sdk-1.31.0.jar:/home/david/.m2/repository/io/opentelemetry/opentelemetry-sdk-metrics/1.31.0/opentelemetry-sdk-metrics-1.31.0.jar:/home/david/.m2/repository/io/opentelemetry/opentelemetry-extension-incubator/1.31.0-alpha/opentelemetry-extension-incubator-1.31.0-alpha.jar:/home/david/.m2/repository/io/opentelemetry/opentelemetry-sdk-logs/1.31.0/opentelemetry-sdk-logs-1.31.0.jar:/home/david/.m2/repository/io/opentelemetry/opentelemetry-semconv/1.28.0-alpha/opentelemetry-semconv-1.28.0-alpha.jar:/home/david/.m2/repository/org/seleniumhq/selenium/selenium-os/4.14.0/selenium-os-4.14.0.jar:/home/david/.m2/repository/org/apache/commons/commons-exec/1.3/commons-exec-1.3.jar:/home/david/.m2/repository/org/seleniumhq/selenium/selenium-safari-driver/4.14.0/selenium-safari-driver-4.14.0.jar:/home/david/.m2/repository/org/seleniumhq/selenium/selenium-support/4.14.0/selenium-support-4.14.0.jar:/home/david/.m2/repository/io/github/bonigarcia/webdrivermanager/5.6.1/webdrivermanager-5.6.1.jar:/home/david/.m2/repository/org/slf4j/slf4j-api/2.0.9/slf4j-api-2.0.9.jar:/home/david/.m2/repository/com/google/code/gson/gson/2.10.1/gson-2.10.1.jar:/home/david/.m2/repository/com/github/docker-java/docker-java/3.3.4/docker-java-3.3.4.jar:/home/david/.m2/repository/com/github/docker-java/docker-java-core/3.3.4/docker-java-core-3.3.4.jar:/home/david/.m2/repository/com/github/docker-java/docker-java-api/3.3.4/docker-java-api-3.3.4.jar:/home/david/.m2/repository/org/bouncycastle/bcpkix-jdk18on/1.76/bcpkix-jdk18on-1.76.jar:/home/david/.m2/repository/org/bouncycastle/bcprov-jdk18on/1.76/bcprov-jdk18on-1.76.jar:/home/david/.m2/repository/org/bouncycastle/bcutil-jdk18on/1.76/bcutil-jdk18on-1.76.jar:/home/david/.m2/repository/org/slf4j/jcl-over-slf4j/2.0.9/jcl-over-slf4j-2.0.9.jar:/home/david/.m2/repository/com/github/docker-java/docker-java-transport-httpclient5/3.3.4/docker-java-transport-httpclient5-3.3.4.jar:/home/david/.m2/repository/com/github/docker-java/docker-java-transport/3.3.4/docker-java-transport-3.3.4.jar:/home/david/.m2/repository/net/java/dev/jna/jna/5.13.0/jna-5.13.0.jar:/home/david/.m2/repository/org/brotli/dec/0.1.2/dec-0.1.2.jar:/home/david/.m2/repository/org/apache/commons/commons-compress/1.24.0/commons-compress-1.24.0.jar:/home/david/.m2/repository/org/apache/httpcomponents/client5/httpclient5/5.2.3/httpclient5-5.2.3.jar:/home/david/.m2/repository/org/apache/httpcomponents/core5/httpcore5/5.2.4/httpcore5-5.2.4.jar:/home/david/.m2/repository/org/apache/httpcomponents/core5/httpcore5-h2/5.2.4/httpcore5-h2-5.2.4.jar:/home/david/.m2/repository/org/junit/platform/junit-platform-suite/1.10.1/junit-platform-suite-1.10.1.jar:/home/david/.m2/repository/org/junit/platform/junit-platform-suite-api/1.10.1/junit-platform-suite-api-1.10.1.jar:/home/david/.m2/repository/org/junit/platform/junit-platform-commons/1.10.1/junit-platform-commons-1.10.1.jar:/home/david/.m2/repository/org/junit/platform/junit-platform-suite-engine/1.10.1/junit-platform-suite-engine-1.10.1.jar:/home/david/.m2/repository/org/junit/platform/junit-platform-suite-commons/1.10.1/junit-platform-suite-commons-1.10.1.jar:/home/david/.m2/repository/org/junit/platform/junit-platform-launcher/1.10.1/junit-platform-launcher-1.10.1.jar:/home/david/.m2/repository/io/cucumber/cucumber-java/7.14.0/cucumber-java-7.14.0.jar:/home/david/.m2/repository/io/cucumber/cucumber-core/7.14.0/cucumber-core-7.14.0.jar:/home/david/.m2/repository/io/cucumber/cucumber-gherkin/7.14.0/cucumber-gherkin-7.14.0.jar:/home/david/.m2/repository/io/cucumber/cucumber-gherkin-messages/7.14.0/cucumber-gherkin-messages-7.14.0.jar:/home/david/.m2/repository/io/cucumber/gherkin/26.2.0/gherkin-26.2.0.jar:/home/david/.m2/repository/io/cucumber/messages/22.0.0/messages-22.0.0.jar:/home/david/.m2/repository/io/cucumber/tag-expressions/5.0.6/tag-expressions-5.0.6.jar:/home/david/.m2/repository/io/cucumber/cucumber-expressions/16.1.2/cucumber-expressions-16.1.2.jar:/home/david/.m2/repository/io/cucumber/datatable/7.14.0/datatable-7.14.0.jar:/home/david/.m2/repository/io/cucumber/cucumber-plugin/7.14.0/cucumber-plugin-7.14.0.jar:/home/david/.m2/repository/io/cucumber/docstring/7.14.0/docstring-7.14.0.jar:/home/david/.m2/repository/io/cucumber/html-formatter/20.4.0/html-formatter-20.4.0.jar:/home/david/.m2/repository/io/cucumber/junit-xml-formatter/0.2.0/junit-xml-formatter-0.2.0.jar:/home/david/.m2/repository/io/cucumber/ci-environment/9.2.0/ci-environment-9.2.0.jar:/home/david/.m2/repository/org/apiguardian/apiguardian-api/1.1.2/apiguardian-api-1.1.2.jar:/home/david/.m2/repository/io/cucumber/cucumber-spring/7.14.0/cucumber-spring-7.14.0.jar:/home/david/.m2/repository/org/springframework/security/spring-security-test/5.5.0/spring-security-test-5.5.0.jar:/home/david/.m2/repository/org/springframework/security/spring-security-core/6.2.1/spring-security-core-6.2.1.jar:/home/david/.m2/repository/org/springframework/security/spring-security-crypto/6.2.1/spring-security-crypto-6.2.1.jar:/home/david/.m2/repository/io/cucumber/cucumber-junit-platform-engine/7.14.0/cucumber-junit-platform-engine-7.14.0.jar:/home/david/.m2/repository/org/junit/platform/junit-platform-engine/1.10.1/junit-platform-engine-1.10.1.jar:/home/david/.m2/repository/org/opentest4j/opentest4j/1.3.0/opentest4j-1.3.0.jar:/home/david/.m2/repository/org/clojure/clojure/1.10.1/clojure-1.10.1.jar:/home/david/.m2/repository/org/clojure/spec.alpha/0.2.176/spec.alpha-0.2.176.jar:/home/david/.m2/repository/org/clojure/core.specs.alpha/0.2.44/core.specs.alpha-0.2.44.jar:"/>
    <property name="java.vm.vendor" value="GraalVM Community"/>
    <property name="sun.arch.data.model" value="64"/>
    <property name="spring.devtools.livereload.port" value="35729"/>
    <property name="java.vendor.url" value="https://www.graalvm.org/"/>
    <property name="user.timezone" value="Europe/Madrid"/>
    <property name="org.jboss.logging.provider" value="slf4j"/>
    <property name="os.name" value="Linux"/>
    <property name="java.vm.specification.version" value="21"/>
    <property name="sun.java.launcher" value="SUN_STANDARD"/>
    <property name="user.country" value="ES"/>
    <property name="sun.boot.library.path" value="/home/david/.sdkman/candidates/java/21-graalce/lib"/>
    <property name="sun.java.command" value="/home/david/Documentos/Repositorios_github/Proyecto IW/iw2023-2024-TelefonUCA-3/target/surefire/surefirebooter-20240103121558925_3.jar /home/david/Documentos/Repositorios_github/Proyecto IW/iw2023-2024-TelefonUCA-3/target/surefire 2024-01-03T12-15-58_853-jvmRun1 surefire-20240103121558925_1tmp surefire_0-20240103121558925_2tmp"/>
    <property name="jdk.debug" value="release"/>
    <property name="surefire.test.class.path" value="/home/david/Documentos/Repositorios_github/Proyecto IW/iw2023-2024-TelefonUCA-3/target/test-classes:/home/david/Documentos/Repositorios_github/Proyecto IW/iw2023-2024-TelefonUCA-3/target/classes:/home/david/.m2/repository/org/postgresql/postgresql/42.2.23/postgresql-42.2.23.jar:/home/david/.m2/repository/org/checkerframework/checker-qual/3.5.0/checker-qual-3.5.0.jar:/home/david/.m2/repository/org/springframework/boot/spring-boot-starter-actuator/3.2.1/spring-boot-starter-actuator-3.2.1.jar:/home/david/.m2/repository/org/springframework/boot/spring-boot-actuator-autoconfigure/3.2.1/spring-boot-actuator-autoconfigure-3.2.1.jar:/home/david/.m2/repository/org/springframework/boot/spring-boot-actuator/3.2.1/spring-boot-actuator-3.2.1.jar:/home/david/.m2/repository/com/fasterxml/jackson/core/jackson-databind/2.15.3/jackson-databind-2.15.3.jar:/home/david/.m2/repository/com/fasterxml/jackson/core/jackson-annotations/2.15.3/jackson-annotations-2.15.3.jar:/home/david/.m2/repository/com/fasterxml/jackson/core/jackson-core/2.15.3/jackson-core-2.15.3.jar:/home/david/.m2/repository/com/fasterxml/jackson/datatype/jackson-datatype-jsr310/2.15.3/jackson-datatype-jsr310-2.15.3.jar:/home/david/.m2/repository/io/micrometer/micrometer-observation/1.12.1/micrometer-observation-1.12.1.jar:/home/david/.m2/repository/io/micrometer/micrometer-commons/1.12.1/micrometer-commons-1.12.1.jar:/home/david/.m2/repository/io/micrometer/micrometer-jakarta9/1.12.1/micrometer-jakarta9-1.12.1.jar:/home/david/.m2/repository/io/micrometer/micrometer-core/1.12.1/micrometer-core-1.12.1.jar:/home/david/.m2/repository/org/hdrhistogram/HdrHistogram/2.1.12/HdrHistogram-2.1.12.jar:/home/david/.m2/repository/org/latencyutils/LatencyUtils/2.0.3/LatencyUtils-2.0.3.jar:/home/david/.m2/repository/org/springframework/boot/spring-boot-starter/3.2.1/spring-boot-starter-3.2.1.jar:/home/david/.m2/repository/org/springframework/boot/spring-boot/3.2.1/spring-boot-3.2.1.jar:/home/david/.m2/repository/org/springframework/spring-context/6.1.2/spring-context-6.1.2.jar:/home/david/.m2/repository/org/springframework/boot/spring-boot-autoconfigure/3.2.1/spring-boot-autoconfigure-3.2.1.jar:/home/david/.m2/repository/org/springframework/boot/spring-boot-starter-logging/3.2.1/spring-boot-starter-logging-3.2.1.jar:/home/david/.m2/repository/ch/qos/logback/logback-classic/1.4.14/logback-classic-1.4.14.jar:/home/david/.m2/repository/ch/qos/logback/logback-core/1.4.14/logback-core-1.4.14.jar:/home/david/.m2/repository/org/apache/logging/log4j/log4j-to-slf4j/2.21.1/log4j-to-slf4j-2.21.1.jar:/home/david/.m2/repository/org/apache/logging/log4j/log4j-api/2.21.1/log4j-api-2.21.1.jar:/home/david/.m2/repository/org/slf4j/jul-to-slf4j/2.0.9/jul-to-slf4j-2.0.9.jar:/home/david/.m2/repository/jakarta/annotation/jakarta.annotation-api/2.1.1/jakarta.annotation-api-2.1.1.jar:/home/david/.m2/repository/org/springframework/spring-core/6.1.2/spring-core-6.1.2.jar:/home/david/.m2/repository/org/springframework/spring-jcl/6.1.2/spring-jcl-6.1.2.jar:/home/david/.m2/repository/org/yaml/snakeyaml/2.2/snakeyaml-2.2.jar:/home/david/.m2/repository/org/springframework/boot/spring-boot-starter-test/3.2.1/spring-boot-starter-test-3.2.1.jar:/home/david/.m2/repository/org/springframework/boot/spring-boot-test/3.2.1/spring-boot-test-3.2.1.jar:/home/david/.m2/repository/org/springframework/boot/spring-boot-test-autoconfigure/3.2.1/spring-boot-test-autoconfigure-3.2.1.jar:/home/david/.m2/repository/com/jayway/jsonpath/json-path/2.8.0/json-path-2.8.0.jar:/home/david/.m2/repository/jakarta/xml/bind/jakarta.xml.bind-api/4.0.1/jakarta.xml.bind-api-4.0.1.jar:/home/david/.m2/repository/jakarta/activation/jakarta.activation-api/2.1.2/jakarta.activation-api-2.1.2.jar:/home/david/.m2/repository/net/minidev/json-smart/2.5.0/json-smart-2.5.0.jar:/home/david/.m2/repository/net/minidev/accessors-smart/2.5.0/accessors-smart-2.5.0.jar:/home/david/.m2/repository/org/ow2/asm/asm/9.3/asm-9.3.jar:/home/david/.m2/repository/org/assertj/assertj-core/3.24.2/assertj-core-3.24.2.jar:/home/david/.m2/repository/net/bytebuddy/byte-buddy/1.14.10/byte-buddy-1.14.10.jar:/home/david/.m2/repository/org/awaitility/awaitility/4.2.0/awaitility-4.2.0.jar:/home/david/.m2/repository/org/hamcrest/hamcrest/2.2/hamcrest-2.2.jar:/home/david/.m2/repository/org/junit/jupiter/junit-jupiter/5.10.1/junit-jupiter-5.10.1.jar:/home/david/.m2/repository/org/junit/jupiter/junit-jupiter-api/5.10.1/junit-jupiter-api-5.10.1.jar:/home/david/.m2/repository/org/junit/jupiter/junit-jupiter-params/5.10.1/junit-jupiter-params-5.10.1.jar:/home/david/.m2/repository/org/junit/jupiter/junit-jupiter-engine/5.10.1/junit-jupiter-engine-5.10.1.jar:/home/david/.m2/repository/org/mockito/mockito-core/5.7.0/mockito-core-5.7.0.jar:/home/david/.m2/repository/net/bytebuddy/byte-buddy-agent/1.14.10/byte-buddy-agent-1.14.10.jar:/home/david/.m2/repository/org/objenesis/objenesis/3.3/objenesis-3.3.jar:/home/david/.m2/repository/org/mockito/mockito-junit-jupiter/5.7.0/mockito-junit-jupiter-5.7.0.jar:/home/david/.m2/repository/org/skyscreamer/jsonassert/1.5.1/jsonassert-1.5.1.jar:/home/david/.m2/repository/com/vaadin/external/google/android-json/0.0.20131108.vaadin1/android-json-0.0.20131108.vaadin1.jar:/home/david/.m2/repository/org/springframework/spring-test/6.1.2/spring-test-6.1.2.jar:/home/david/.m2/repository/org/xmlunit/xmlunit-core/2.9.1/xmlunit-core-2.9.1.jar:/home/david/.m2/repository/org/springframework/boot/spring-boot-starter-validation/3.2.1/spring-boot-starter-validation-3.2.1.jar:/home/david/.m2/repository/org/apache/tomcat/embed/tomcat-embed-el/10.1.17/tomcat-embed-el-10.1.17.jar:/home/david/.m2/repository/org/hibernate/validator/hibernate-validator/8.0.1.Final/hibernate-validator-8.0.1.Final.jar:/home/david/.m2/repository/jakarta/validation/jakarta.validation-api/3.0.2/jakarta.validation-api-3.0.2.jar:/home/david/.m2/repository/org/jboss/logging/jboss-logging/3.5.3.Final/jboss-logging-3.5.3.Final.jar:/home/david/.m2/repository/com/fasterxml/classmate/1.6.0/classmate-1.6.0.jar:/home/david/.m2/repository/org/springframework/boot/spring-boot-starter-mail/3.2.1/spring-boot-starter-mail-3.2.1.jar:/home/david/.m2/repository/org/springframework/spring-context-support/6.1.2/spring-context-support-6.1.2.jar:/home/david/.m2/repository/org/springframework/spring-beans/6.1.2/spring-beans-6.1.2.jar:/home/david/.m2/repository/org/eclipse/angus/jakarta.mail/2.0.2/jakarta.mail-2.0.2.jar:/home/david/.m2/repository/org/eclipse/angus/angus-activation/2.0.1/angus-activation-2.0.1.jar:/home/david/.m2/repository/org/springframework/boot/spring-boot-starter-data-jpa/3.2.1/spring-boot-starter-data-jpa-3.2.1.jar:/home/david/.m2/repository/org/springframework/boot/spring-boot-starter-aop/3.2.1/spring-boot-starter-aop-3.2.1.jar:/home/david/.m2/repository/org/aspectj/aspectjweaver/1.9.21/aspectjweaver-1.9.21.jar:/home/david/.m2/repository/org/springframework/boot/spring-boot-starter-jdbc/3.2.1/spring-boot-starter-jdbc-3.2.1.jar:/home/david/.m2/repository/com/zaxxer/HikariCP/5.0.1/HikariCP-5.0.1.jar:/home/david/.m2/repository/org/springframework/spring-jdbc/6.1.2/spring-jdbc-6.1.2.jar:/home/david/.m2/repository/org/hibernate/orm/hibernate-core/6.4.1.Final/hibernate-core-6.4.1.Final.jar:/home/david/.m2/repository/jakarta/persistence/jakarta.persistence-api/3.1.0/jakarta.persistence-api-3.1.0.jar:/home/david/.m2/repository/jakarta/transaction/jakarta.transaction-api/2.0.1/jakarta.transaction-api-2.0.1.jar:/home/david/.m2/repository/org/hibernate/common/hibernate-commons-annotations/6.0.6.Final/hibernate-commons-annotations-6.0.6.Final.jar:/home/david/.m2/repository/io/smallrye/jandex/3.1.2/jandex-3.1.2.jar:/home/david/.m2/repository/org/glassfish/jaxb/jaxb-runtime/4.0.4/jaxb-runtime-4.0.4.jar:/home/david/.m2/repository/org/glassfish/jaxb/jaxb-core/4.0.4/jaxb-core-4.0.4.jar:/home/david/.m2/repository/org/glassfish/jaxb/txw2/4.0.4/txw2-4.0.4.jar:/home/david/.m2/repository/com/sun/istack/istack-commons-runtime/4.1.2/istack-commons-runtime-4.1.2.jar:/home/david/.m2/repository/jakarta/inject/jakarta.inject-api/2.0.1/jakarta.inject-api-2.0.1.jar:/home/david/.m2/repository/org/antlr/antlr4-runtime/4.13.0/antlr4-runtime-4.13.0.jar:/home/david/.m2/repository/org/springframework/data/spring-data-jpa/3.2.1/spring-data-jpa-3.2.1.jar:/home/david/.m2/repository/org/springframework/data/spring-data-commons/3.2.1/spring-data-commons-3.2.1.jar:/home/david/.m2/repository/org/springframework/spring-orm/6.1.2/spring-orm-6.1.2.jar:/home/david/.m2/repository/org/springframework/spring-tx/6.1.2/spring-tx-6.1.2.jar:/home/david/.m2/repository/org/springframework/spring-aspects/6.1.2/spring-aspects-6.1.2.jar:/home/david/.m2/repository/org/springframework/boot/spring-boot-starter-security/3.2.1/spring-boot-starter-security-3.2.1.jar:/home/david/.m2/repository/org/springframework/spring-aop/6.1.2/spring-aop-6.1.2.jar:/home/david/.m2/repository/org/springframework/security/spring-security-config/6.2.1/spring-security-config-6.2.1.jar:/home/david/.m2/repository/org/springframework/security/spring-security-web/6.2.1/spring-security-web-6.2.1.jar:/home/david/.m2/repository/org/springframework/spring-expression/6.1.2/spring-expression-6.1.2.jar:/home/david/.m2/repository/org/springframework/spring-web/6.1.2/spring-web-6.1.2.jar:/home/david/.m2/repository/com/vaadin/vaadin-spring-boot-starter/24.2.2/vaadin-spring-boot-starter-24.2.2.jar:/home/david/.m2/repository/com/vaadin/vaadin-spring/24.2.2/vaadin-spring-24.2.2.jar:/home/david/.m2/repository/com/vaadin/flow-server/24.2.2/flow-server-24.2.2.jar:/home/david/.m2/repository/com/vaadin/servletdetector/throw-if-servlet3/1.0.2/throw-if-servlet3-1.0.2.jar:/home/david/.m2/repository/com/vaadin/external/gwt/gwt-elemental/2.8.2.vaadin2/gwt-elemental-2.8.2.vaadin2.jar:/home/david/.m2/repository/org/apache/commons/commons-fileupload2-jakarta/2.0.0-M1/commons-fileupload2-jakarta-2.0.0-M1.jar:/home/david/.m2/repository/org/apache/commons/commons-fileupload2-core/2.0.0-M1/commons-fileupload2-core-2.0.0-M1.jar:/home/david/.m2/repository/commons-io/commons-io/2.13.0/commons-io-2.13.0.jar:/home/david/.m2/repository/org/jsoup/jsoup/1.16.1/jsoup-1.16.1.jar:/home/david/.m2/repository/com/helger/ph-css/7.0.1/ph-css-7.0.1.jar:/home/david/.m2/repository/com/helger/commons/ph-commons/11.1.0/ph-commons-11.1.0.jar:/home/david/.m2/repository/com/vaadin/external/gentyref/1.2.0.vaadin1/gentyref-1.2.0.vaadin1.jar:/home/david/.m2/repository/com/vaadin/flow-push/24.2.2/flow-push-24.2.2.jar:/home/david/.m2/repository/com/vaadin/external/atmosphere/atmosphere-runtime/3.0.3.slf4jvaadin1/atmosphere-runtime-3.0.3.slf4jvaadin1.jar:/home/david/.m2/repository/com/vaadin/flow-client/24.2.2/flow-client-24.2.2.jar:/home/david/.m2/repository/org/springframework/spring-webmvc/6.1.2/spring-webmvc-6.1.2.jar:/home/david/.m2/repository/org/springframework/spring-websocket/6.1.2/spring-websocket-6.1.2.jar:/home/david/.m2/repository/org/reflections/reflections/0.10.2/reflections-0.10.2.jar:/home/david/.m2/repository/org/javassist/javassist/3.28.0-GA/javassist-3.28.0-GA.jar:/home/david/.m2/repository/com/google/code/findbugs/jsr305/3.0.2/jsr305-3.0.2.jar:/home/david/.m2/repository/org/springframework/boot/spring-boot-starter-web/3.2.1/spring-boot-starter-web-3.2.1.jar:/home/david/.m2/repository/org/springframework/boot/spring-boot-starter-json/3.2.1/spring-boot-starter-json-3.2.1.jar:/home/david/.m2/repository/com/fasterxml/jackson/datatype/jackson-datatype-jdk8/2.15.3/jackson-datatype-jdk8-2.15.3.jar:/home/david/.m2/repository/com/fasterxml/jackson/module/jackson-module-parameter-names/2.15.3/jackson-module-parameter-names-2.15.3.jar:/home/david/.m2/repository/org/springframework/boot/spring-boot-starter-tomcat/3.2.1/spring-boot-starter-tomcat-3.2.1.jar:/home/david/.m2/repository/org/apache/tomcat/embed/tomcat-embed-core/10.1.17/tomcat-embed-core-10.1.17.jar:/home/david/.m2/repository/org/apache/tomcat/embed/tomcat-embed-websocket/10.1.17/tomcat-embed-websocket-10.1.17.jar:/home/david/.m2/repository/org/springframework/boot/spring-boot-devtools/3.2.1/spring-boot-devtools-3.2.1.jar:/home/david/.m2/repository/com/vaadin/vaadin-core/24.2.2/vaadin-core-24.2.2.jar:/home/david/.m2/repository/com/vaadin/vaadin-core-internal/24.2.2/vaadin-core-internal-24.2.2.jar:/home/david/.m2/repository/com/vaadin/flow-lit-template/24.2.2/flow-lit-template-24.2.2.jar:/home/david/.m2/repository/com/vaadin/flow-html-components/24.2.2/flow-html-components-24.2.2.jar:/home/david/.m2/repository/com/vaadin/flow-data/24.2.2/flow-data-24.2.2.jar:/home/david/.m2/repository/com/vaadin/flow-dnd/24.2.2/flow-dnd-24.2.2.jar:/home/david/.m2/repository/com/vaadin/vaadin-lumo-theme/24.2.2/vaadin-lumo-theme-24.2.2.jar:/home/david/.m2/repository/com/vaadin/vaadin-material-theme/24.2.2/vaadin-material-theme-24.2.2.jar:/home/david/.m2/repository/com/vaadin/vaadin-accordion-flow/24.2.2/vaadin-accordion-flow-24.2.2.jar:/home/david/.m2/repository/com/vaadin/vaadin-avatar-flow/24.2.2/vaadin-avatar-flow-24.2.2.jar:/home/david/.m2/repository/com/vaadin/vaadin-flow-components-base/24.2.2/vaadin-flow-components-base-24.2.2.jar:/home/david/.m2/repository/com/vaadin/vaadin-button-flow/24.2.2/vaadin-button-flow-24.2.2.jar:/home/david/.m2/repository/com/vaadin/vaadin-checkbox-flow/24.2.2/vaadin-checkbox-flow-24.2.2.jar:/home/david/.m2/repository/com/vaadin/vaadin-combo-box-flow/24.2.2/vaadin-combo-box-flow-24.2.2.jar:/home/david/.m2/repository/com/vaadin/vaadin-confirm-dialog-flow/24.2.2/vaadin-confirm-dialog-flow-24.2.2.jar:/home/david/.m2/repository/com/vaadin/vaadin-custom-field-flow/24.2.2/vaadin-custom-field-flow-24.2.2.jar:/home/david/.m2/repository/com/vaadin/vaadin-date-picker-flow/24.2.2/vaadin-date-picker-flow-24.2.2.jar:/home/david/.m2/repository/com/vaadin/vaadin-date-time-picker-flow/24.2.2/vaadin-date-time-picker-flow-24.2.2.jar:/home/david/.m2/repository/com/vaadin/vaadin-details-flow/24.2.2/vaadin-details-flow-24.2.2.jar:/home/david/.m2/repository/com/vaadin/vaadin-time-picker-flow/24.2.2/vaadin-time-picker-flow-24.2.2.jar:/home/david/.m2/repository/com/vaadin/vaadin-select-flow/24.2.2/vaadin-select-flow-24.2.2.jar:/home/david/.m2/repository/com/vaadin/vaadin-side-nav-flow/24.2.2/vaadin-side-nav-flow-24.2.2.jar:/home/david/.m2/repository/com/vaadin/vaadin-dialog-flow/24.2.2/vaadin-dialog-flow-24.2.2.jar:/home/david/.m2/repository/com/vaadin/vaadin-form-layout-flow/24.2.2/vaadin-form-layout-flow-24.2.2.jar:/home/david/.m2/repository/com/vaadin/vaadin-field-highlighter-flow/24.2.2/vaadin-field-highlighter-flow-24.2.2.jar:/home/david/.m2/repository/com/vaadin/vaadin-grid-flow/24.2.2/vaadin-grid-flow-24.2.2.jar:/home/david/.m2/repository/com/vaadin/vaadin-icons-flow/24.2.2/vaadin-icons-flow-24.2.2.jar:/home/david/.m2/repository/com/vaadin/vaadin-virtual-list-flow/24.2.2/vaadin-virtual-list-flow-24.2.2.jar:/home/david/.m2/repository/com/vaadin/vaadin-list-box-flow/24.2.2/vaadin-list-box-flow-24.2.2.jar:/home/david/.m2/repository/com/vaadin/vaadin-login-flow/24.2.2/vaadin-login-flow-24.2.2.jar:/home/david/.m2/repository/com/vaadin/vaadin-messages-flow/24.2.2/vaadin-messages-flow-24.2.2.jar:/home/david/.m2/repository/com/vaadin/vaadin-ordered-layout-flow/24.2.2/vaadin-ordered-layout-flow-24.2.2.jar:/home/david/.m2/repository/com/vaadin/vaadin-progress-bar-flow/24.2.2/vaadin-progress-bar-flow-24.2.2.jar:/home/david/.m2/repository/com/vaadin/vaadin-radio-button-flow/24.2.2/vaadin-radio-button-flow-24.2.2.jar:/home/david/.m2/repository/com/vaadin/vaadin-renderer-flow/24.2.2/vaadin-renderer-flow-24.2.2.jar:/home/david/.m2/repository/com/vaadin/vaadin-split-layout-flow/24.2.2/vaadin-split-layout-flow-24.2.2.jar:/home/david/.m2/repository/com/vaadin/vaadin-tabs-flow/24.2.2/vaadin-tabs-flow-24.2.2.jar:/home/david/.m2/repository/com/vaadin/vaadin-text-field-flow/24.2.2/vaadin-text-field-flow-24.2.2.jar:/home/david/.m2/repository/com/vaadin/vaadin-upload-flow/24.2.2/vaadin-upload-flow-24.2.2.jar:/home/david/.m2/repository/com/vaadin/vaadin-notification-flow/24.2.2/vaadin-notification-flow-24.2.2.jar:/home/david/.m2/repository/com/vaadin/vaadin-app-layout-flow/24.2.2/vaadin-app-layout-flow-24.2.2.jar:/home/david/.m2/repository/com/vaadin/vaadin-context-menu-flow/24.2.2/vaadin-context-menu-flow-24.2.2.jar:/home/david/.m2/repository/com/vaadin/vaadin-menu-bar-flow/24.2.2/vaadin-menu-bar-flow-24.2.2.jar:/home/david/.m2/repository/com/vaadin/vaadin-dev/24.2.2/vaadin-dev-24.2.2.jar:/home/david/.m2/repository/com/vaadin/vaadin-dev-server/24.2.2/vaadin-dev-server-24.2.2.jar:/home/david/.m2/repository/com/vaadin/license-checker/1.12.3/license-checker-1.12.3.jar:/home/david/.m2/repository/com/github/oshi/oshi-core/6.4.1/oshi-core-6.4.1.jar:/home/david/.m2/repository/net/java/dev/jna/jna-platform/5.13.0/jna-platform-5.13.0.jar:/home/david/.m2/repository/com/nimbusds/nimbus-jose-jwt/9.31/nimbus-jose-jwt-9.31.jar:/home/david/.m2/repository/org/lucee/jcip-annotations/1.0.0/jcip-annotations-1.0.0.jar:/home/david/.m2/repository/com/vaadin/open/8.5.0/open-8.5.0.jar:/home/david/.m2/repository/com/github/javaparser/javaparser-core/3.25.5/javaparser-core-3.25.5.jar:/home/david/.m2/repository/io/methvin/directory-watcher/0.18.0/directory-watcher-0.18.0.jar:/home/david/.m2/repository/com/vaadin/vaadin-dev-bundle/24.2.2/vaadin-dev-bundle-24.2.2.jar:/home/david/.m2/repository/org/parttio/line-awesome/2.0.0/line-awesome-2.0.0.jar:/home/david/.m2/repository/com/mysql/mysql-connector-j/8.2.0/mysql-connector-j-8.2.0.jar:/home/david/.m2/repository/com/h2database/h2/2.2.224/h2-2.2.224.jar:/home/david/.m2/repository/com/github/javafaker/javafaker/1.0.2/javafaker-1.0.2.jar:/home/david/.m2/repository/org/apache/commons/commons-lang3/3.13.0/commons-lang3-3.13.0.jar:/home/david/.m2/repository/org/yaml/snakeyaml/1.23/snakeyaml-1.23-android.jar:/home/david/.m2/repository/com/github/mifmif/generex/1.0.2/generex-1.0.2.jar:/home/david/.m2/repository/dk/brics/automaton/automaton/1.11-8/automaton-1.11-8.jar:/home/david/.m2/repository/org/seleniumhq/selenium/selenium-java/4.14.0/selenium-java-4.14.0.jar:/home/david/.m2/repository/org/seleniumhq/selenium/selenium-api/4.14.0/selenium-api-4.14.0.jar:/home/david/.m2/repository/org/seleniumhq/selenium/selenium-chrome-driver/4.14.0/selenium-chrome-driver-4.14.0.jar:/home/david/.m2/repository/com/google/auto/service/auto-service-annotations/1.1.1/auto-service-annotations-1.1.1.jar:/home/david/.m2/repository/com/google/guava/guava/32.1.2-jre/guava-32.1.2-jre.jar:/home/david/.m2/repository/com/google/guava/failureaccess/1.0.1/failureaccess-1.0.1.jar:/home/david/.m2/repository/com/google/guava/listenablefuture/9999.0-empty-to-avoid-conflict-with-guava/listenablefuture-9999.0-empty-to-avoid-conflict-with-guava.jar:/home/david/.m2/repository/com/google/errorprone/error_prone_annotations/2.18.0/error_prone_annotations-2.18.0.jar:/home/david/.m2/repository/com/google/j2objc/j2objc-annotations/2.8/j2objc-annotations-2.8.jar:/home/david/.m2/repository/org/seleniumhq/selenium/selenium-chromium-driver/4.14.0/selenium-chromium-driver-4.14.0.jar:/home/david/.m2/repository/org/seleniumhq/selenium/selenium-json/4.14.0/selenium-json-4.14.0.jar:/home/david/.m2/repository/org/seleniumhq/selenium/selenium-manager/4.14.0/selenium-manager-4.14.0.jar:/home/david/.m2/repository/org/seleniumhq/selenium/selenium-devtools-v116/4.14.0/selenium-devtools-v116-4.14.0.jar:/home/david/.m2/repository/org/seleniumhq/selenium/selenium-devtools-v117/4.14.0/selenium-devtools-v117-4.14.0.jar:/home/david/.m2/repository/org/seleniumhq/selenium/selenium-devtools-v118/4.14.0/selenium-devtools-v118-4.14.0.jar:/home/david/.m2/repository/org/seleniumhq/selenium/selenium-devtools-v85/4.14.0/selenium-devtools-v85-4.14.0.jar:/home/david/.m2/repository/org/seleniumhq/selenium/selenium-edge-driver/4.14.0/selenium-edge-driver-4.14.0.jar:/home/david/.m2/repository/org/seleniumhq/selenium/selenium-firefox-driver/4.14.0/selenium-firefox-driver-4.14.0.jar:/home/david/.m2/repository/org/seleniumhq/selenium/selenium-http/4.14.0/selenium-http-4.14.0.jar:/home/david/.m2/repository/dev/failsafe/failsafe/3.3.2/failsafe-3.3.2.jar:/home/david/.m2/repository/org/seleniumhq/selenium/selenium-ie-driver/4.14.0/selenium-ie-driver-4.14.0.jar:/home/david/.m2/repository/org/seleniumhq/selenium/selenium-remote-driver/4.14.0/selenium-remote-driver-4.14.0.jar:/home/david/.m2/repository/io/opentelemetry/opentelemetry-api/1.31.0/opentelemetry-api-1.31.0.jar:/home/david/.m2/repository/io/opentelemetry/opentelemetry-context/1.31.0/opentelemetry-context-1.31.0.jar:/home/david/.m2/repository/io/opentelemetry/opentelemetry-exporter-logging/1.31.0/opentelemetry-exporter-logging-1.31.0.jar:/home/david/.m2/repository/io/opentelemetry/opentelemetry-sdk-common/1.31.0/opentelemetry-sdk-common-1.31.0.jar:/home/david/.m2/repository/io/opentelemetry/opentelemetry-sdk-extension-autoconfigure-spi/1.31.0/opentelemetry-sdk-extension-autoconfigure-spi-1.31.0.jar:/home/david/.m2/repository/io/opentelemetry/opentelemetry-sdk-extension-autoconfigure/1.31.0/opentelemetry-sdk-extension-autoconfigure-1.31.0.jar:/home/david/.m2/repository/io/opentelemetry/opentelemetry-api-events/1.31.0-alpha/opentelemetry-api-events-1.31.0-alpha.jar:/home/david/.m2/repository/io/opentelemetry/opentelemetry-sdk-trace/1.31.0/opentelemetry-sdk-trace-1.31.0.jar:/home/david/.m2/repository/io/opentelemetry/opentelemetry-sdk/1.31.0/opentelemetry-sdk-1.31.0.jar:/home/david/.m2/repository/io/opentelemetry/opentelemetry-sdk-metrics/1.31.0/opentelemetry-sdk-metrics-1.31.0.jar:/home/david/.m2/repository/io/opentelemetry/opentelemetry-extension-incubator/1.31.0-alpha/opentelemetry-extension-incubator-1.31.0-alpha.jar:/home/david/.m2/repository/io/opentelemetry/opentelemetry-sdk-logs/1.31.0/opentelemetry-sdk-logs-1.31.0.jar:/home/david/.m2/repository/io/opentelemetry/opentelemetry-semconv/1.28.0-alpha/opentelemetry-semconv-1.28.0-alpha.jar:/home/david/.m2/repository/org/seleniumhq/selenium/selenium-os/4.14.0/selenium-os-4.14.0.jar:/home/david/.m2/repository/org/apache/commons/commons-exec/1.3/commons-exec-1.3.jar:/home/david/.m2/repository/org/seleniumhq/selenium/selenium-safari-driver/4.14.0/selenium-safari-driver-4.14.0.jar:/home/david/.m2/repository/org/seleniumhq/selenium/selenium-support/4.14.0/selenium-support-4.14.0.jar:/home/david/.m2/repository/io/github/bonigarcia/webdrivermanager/5.6.1/webdrivermanager-5.6.1.jar:/home/david/.m2/repository/org/slf4j/slf4j-api/2.0.9/slf4j-api-2.0.9.jar:/home/david/.m2/repository/com/google/code/gson/gson/2.10.1/gson-2.10.1.jar:/home/david/.m2/repository/com/github/docker-java/docker-java/3.3.4/docker-java-3.3.4.jar:/home/david/.m2/repository/com/github/docker-java/docker-java-core/3.3.4/docker-java-core-3.3.4.jar:/home/david/.m2/repository/com/github/docker-java/docker-java-api/3.3.4/docker-java-api-3.3.4.jar:/home/david/.m2/repository/org/bouncycastle/bcpkix-jdk18on/1.76/bcpkix-jdk18on-1.76.jar:/home/david/.m2/repository/org/bouncycastle/bcprov-jdk18on/1.76/bcprov-jdk18on-1.76.jar:/home/david/.m2/repository/org/bouncycastle/bcutil-jdk18on/1.76/bcutil-jdk18on-1.76.jar:/home/david/.m2/repository/org/slf4j/jcl-over-slf4j/2.0.9/jcl-over-slf4j-2.0.9.jar:/home/david/.m2/repository/com/github/docker-java/docker-java-transport-httpclient5/3.3.4/docker-java-transport-httpclient5-3.3.4.jar:/home/david/.m2/repository/com/github/docker-java/docker-java-transport/3.3.4/docker-java-transport-3.3.4.jar:/home/david/.m2/repository/net/java/dev/jna/jna/5.13.0/jna-5.13.0.jar:/home/david/.m2/repository/org/brotli/dec/0.1.2/dec-0.1.2.jar:/home/david/.m2/repository/org/apache/commons/commons-compress/1.24.0/commons-compress-1.24.0.jar:/home/david/.m2/repository/org/apache/httpcomponents/client5/httpclient5/5.2.3/httpclient5-5.2.3.jar:/home/david/.m2/repository/org/apache/httpcomponents/core5/httpcore5/5.2.4/httpcore5-5.2.4.jar:/home/david/.m2/repository/org/apache/httpcomponents/core5/httpcore5-h2/5.2.4/httpcore5-h2-5.2.4.jar:/home/david/.m2/repository/org/junit/platform/junit-platform-suite/1.10.1/junit-platform-suite-1.10.1.jar:/home/david/.m2/repository/org/junit/platform/junit-platform-suite-api/1.10.1/junit-platform-suite-api-1.10.1.jar:/home/david/.m2/repository/org/junit/platform/junit-platform-commons/1.10.1/junit-platform-commons-1.10.1.jar:/home/david/.m2/repository/org/junit/platform/junit-platform-suite-engine/1.10.1/junit-platform-suite-engine-1.10.1.jar:/home/david/.m2/repository/org/junit/platform/junit-platform-suite-commons/1.10.1/junit-platform-suite-commons-1.10.1.jar:/home/david/.m2/repository/org/junit/platform/junit-platform-launcher/1.10.1/junit-platform-launcher-1.10.1.jar:/home/david/.m2/repository/io/cucumber/cucumber-java/7.14.0/cucumber-java-7.14.0.jar:/home/david/.m2/repository/io/cucumber/cucumber-core/7.14.0/cucumber-core-7.14.0.jar:/home/david/.m2/repository/io/cucumber/cucumber-gherkin/7.14.0/cucumber-gherkin-7.14.0.jar:/home/david/.m2/repository/io/cucumber/cucumber-gherkin-messages/7.14.0/cucumber-gherkin-messages-7.14.0.jar:/home/david/.m2/repository/io/cucumber/gherkin/26.2.0/gherkin-26.2.0.jar:/home/david/.m2/repository/io/cucumber/messages/22.0.0/messages-22.0.0.jar:/home/david/.m2/repository/io/cucumber/tag-expressions/5.0.6/tag-expressions-5.0.6.jar:/home/david/.m2/repository/io/cucumber/cucumber-expressions/16.1.2/cucumber-expressions-16.1.2.jar:/home/david/.m2/repository/io/cucumber/datatable/7.14.0/datatable-7.14.0.jar:/home/david/.m2/repository/io/cucumber/cucumber-plugin/7.14.0/cucumber-plugin-7.14.0.jar:/home/david/.m2/repository/io/cucumber/docstring/7.14.0/docstring-7.14.0.jar:/home/david/.m2/repository/io/cucumber/html-formatter/20.4.0/html-formatter-20.4.0.jar:/home/david/.m2/repository/io/cucumber/junit-xml-formatter/0.2.0/junit-xml-formatter-0.2.0.jar:/home/david/.m2/repository/io/cucumber/ci-environment/9.2.0/ci-environment-9.2.0.jar:/home/david/.m2/repository/org/apiguardian/apiguardian-api/1.1.2/apiguardian-api-1.1.2.jar:/home/david/.m2/repository/io/cucumber/cucumber-spring/7.14.0/cucumber-spring-7.14.0.jar:/home/david/.m2/repository/org/springframework/security/spring-security-test/5.5.0/spring-security-test-5.5.0.jar:/home/david/.m2/repository/org/springframework/security/spring-security-core/6.2.1/spring-security-core-6.2.1.jar:/home/david/.m2/repository/org/springframework/security/spring-security-crypto/6.2.1/spring-security-crypto-6.2.1.jar:/home/david/.m2/repository/io/cucumber/cucumber-junit-platform-engine/7.14.0/cucumber-junit-platform-engine-7.14.0.jar:/home/david/.m2/repository/org/junit/platform/junit-platform-engine/1.10.1/junit-platform-engine-1.10.1.jar:/home/david/.m2/repository/org/opentest4j/opentest4j/1.3.0/opentest4j-1.3.0.jar:/home/david/.m2/repository/org/clojure/clojure/1.10.1/clojure-1.10.1.jar:/home/david/.m2/repository/org/clojure/spec.alpha/0.2.176/spec.alpha-0.2.176.jar:/home/david/.m2/repository/org/clojure/core.specs.alpha/0.2.44/core.specs.alpha-0.2.44.jar:"/>
    <property name="sun.cpu.endian" value="little"/>
    <property name="user.home" value="/home/david"/>
    <property name="user.language" value="es"/>
    <property name="java.specification.vendor" value="Oracle Corporation"/>
    <property name="java.version.date" value="2023-09-19"/>
    <property name="java.home" value="/home/david/.sdkman/candidates/java/21-graalce"/>
    <property name="file.separator" value="/"/>
    <property name="basedir" value="/home/david/Documentos/Repositorios_github/Proyecto IW/iw2023-2024-TelefonUCA-3"/>
    <property name="java.vm.compressedOopsMode" value="Zero based"/>
    <property name="jdk.internal.vm.ci.enabled" value="true"/>
    <property name="line.separator" value="&#10;"/>
    <property name="java.vm.specification.vendor" value="Oracle Corporation"/>
    <property name="java.specification.name" value="Java Platform API Specification"/>
    <property name="FILE_LOG_CHARSET" value="UTF-8"/>
    <property name="java.awt.headless" value="true"/>
    <property name="surefire.real.class.path" value="/home/david/Documentos/Repositorios_github/Proyecto IW/iw2023-2024-TelefonUCA-3/target/surefire/surefirebooter-20240103121558925_3.jar"/>
    <property name="sun.management.compiler" value="HotSpot 64-Bit Tiered Compilers"/>
    <property name="java.runtime.version" value="21+35-jvmci-23.1-b15"/>
    <property name="user.name" value="david"/>
    <property name="stdout.encoding" value="UTF-8"/>
    <property name="path.separator" value=":"/>
    <property name="os.version" value="6.2.0-39-generic"/>
    <property name="java.runtime.name" value="OpenJDK Runtime Environment"/>
    <property name="file.encoding" value="UTF-8"/>
    <property name="java.vm.name" value="OpenJDK 64-Bit Server VM"/>
    <property name="java.vendor.version" value="GraalVM CE 21+35.1"/>
    <property name="localRepository" value="/home/david/.m2/repository"/>
    <property name="java.vendor.url.bug" value="https://github.com/oracle/graal/issues"/>
    <property name="java.io.tmpdir" value="/tmp"/>
    <property name="java.version" value="21"/>
    <property name="user.dir" value="/home/david/Documentos/Repositorios_github/Proyecto IW/iw2023-2024-TelefonUCA-3"/>
    <property name="os.arch" value="amd64"/>
    <property name="java.vm.specification.name" value="Java Virtual Machine Specification"/>
    <property name="PID" value="275815"/>
    <property name="CONSOLE_LOG_CHARSET" value="UTF-8"/>
    <property name="native.encoding" value="UTF-8"/>
    <property name="java.library.path" value="/usr/java/packages/lib:/usr/lib64:/lib64:/lib:/usr/lib"/>
    <property name="java.vm.info" value="mixed mode, sharing"/>
    <property name="stderr.encoding" value="UTF-8"/>
    <property name="java.vendor" value="GraalVM Community"/>
    <property name="java.vm.version" value="21+35-jvmci-23.1-b15"/>
    <property name="sun.io.unicode.encoding" value="UnicodeLittle"/>
    <property name="java.class.version" value="65.0"/>
  </properties>
  <testcase name="shouldFindAnExistingUser" classname="es.uca.iw.telefonuca.user.unit.UserRepositoryTest" time="0.583">
    <system-out><![CDATA[12:15:59.666 [main] INFO org.springframework.test.context.support.AnnotationConfigContextLoaderUtils -- Could not detect default configuration classes for test class [es.uca.iw.telefonuca.user.unit.UserRepositoryTest]: UserRepositoryTest does not declare any static, non-private, non-final, nested classes annotated with @Configuration.
12:15:59.756 [main] INFO org.springframework.boot.test.context.SpringBootTestContextBootstrapper -- Found @SpringBootConfiguration es.uca.iw.telefonuca.WebApplication for test class es.uca.iw.telefonuca.user.unit.UserRepositoryTest
12:15:59.806 [main] INFO org.springframework.boot.devtools.restart.RestartApplicationListener -- Restart disabled due to context in which it is running

  .   ____          _            __ _ _
 /\\ / ___'_ __ _ _(_)_ __  __ _ \ \ \ \
( ( )\___ | '_ | '_| | '_ \/ _` | \ \ \ \
 \\/  ___)| |_)| | | | | || (_| |  ) ) ) )
  '  |____| .__|_| |_|_| |_\__, | / / / /
 =========|_|==============|___/=/_/_/_/
 :: Spring Boot ::                (v3.2.1)

2024-01-03T12:16:00.014+01:00  INFO 275815 --- [           main] e.u.i.t.user.unit.UserRepositoryTest     : Starting UserRepositoryTest using Java 21 with PID 275815 (started by david in /home/david/Documentos/Repositorios_github/Proyecto IW/iw2023-2024-TelefonUCA-3)
2024-01-03T12:16:00.015+01:00  INFO 275815 --- [           main] e.u.i.t.user.unit.UserRepositoryTest     : No active profile set, falling back to 1 default profile: "default"
2024-01-03T12:16:00.296+01:00  INFO 275815 --- [           main] .s.d.r.c.RepositoryConfigurationDelegate : Bootstrapping Spring Data JPA repositories in DEFAULT mode.
2024-01-03T12:16:00.353+01:00  INFO 275815 --- [           main] .s.d.r.c.RepositoryConfigurationDelegate : Finished Spring Data repository scanning in 51 ms. Found 3 JPA repository interfaces.
2024-01-03T12:16:00.387+01:00  INFO 275815 --- [           main] beddedDataSourceBeanFactoryPostProcessor : Replacing 'dataSource' DataSource bean with embedded version
2024-01-03T12:16:00.494+01:00  INFO 275815 --- [           main] o.s.j.d.e.EmbeddedDatabaseFactory        : Starting embedded database: url='jdbc:h2:mem:5de7e4f0-1d87-4b61-949b-419e6b7d77ec;DB_CLOSE_DELAY=-1;DB_CLOSE_ON_EXIT=false', username='sa'
2024-01-03T12:16:00.684+01:00  INFO 275815 --- [           main] o.hibernate.jpa.internal.util.LogHelper  : HHH000204: Processing PersistenceUnitInfo [name: default]
2024-01-03T12:16:00.734+01:00  INFO 275815 --- [           main] org.hibernate.Version                    : HHH000412: Hibernate ORM core version 6.4.1.Final
2024-01-03T12:16:00.758+01:00  INFO 275815 --- [           main] o.h.c.internal.RegionFactoryInitiator    : HHH000026: Second-level cache disabled
2024-01-03T12:16:00.896+01:00  INFO 275815 --- [           main] o.s.o.j.p.SpringPersistenceUnitInfo      : No LoadTimeWeaver setup: ignoring JPA class transformer
2024-01-03T12:16:01.534+01:00  INFO 275815 --- [           main] o.h.e.t.j.p.i.JtaPlatformInitiator       : HHH000489: No JTA platform available (set 'hibernate.transaction.jta.platform' to enable JTA platform integration)
Hibernate: create table app_users (id char(36) not null, active boolean not null, email varchar(255), name varchar(255), password varchar(255), register_code varchar(255), surname varchar(255), username varchar(255), primary key (id))
Hibernate: create table book (id char(36) not null, author varchar(255), publication_date date, publisher varchar(255), title varchar(255), primary key (id))
Hibernate: create table contracts (id char(36) not null, bill float(24), finish_at date, months_agreed integer, owner_id uuid, start_at date, primary key (id))
Hibernate: create table user_roles (user_id char(36) not null, roles varchar(255) check (roles in ('USER','ADMIN','CUSTOMER','SALES','FINANCIAL','CUSTOMER_SERVICE')))
Hibernate: alter table if exists app_users drop constraint if exists UK_4vj92ux8a2eehds1mdvmks473
Hibernate: alter table if exists app_users add constraint UK_4vj92ux8a2eehds1mdvmks473 unique (email)
Hibernate: alter table if exists app_users drop constraint if exists UK_spsnwr241e9k9c8p5xl4k45ih
Hibernate: alter table if exists app_users add constraint UK_spsnwr241e9k9c8p5xl4k45ih unique (username)
Hibernate: alter table if exists user_roles add constraint FKaf154i5th4vvgbahf8b8pa688 foreign key (user_id) references app_users
2024-01-03T12:16:01.576+01:00  INFO 275815 --- [           main] j.LocalContainerEntityManagerFactoryBean : Initialized JPA EntityManagerFactory for persistence unit 'default'
2024-01-03T12:16:01.957+01:00  INFO 275815 --- [           main] e.u.i.t.user.unit.UserRepositoryTest     : Started UserRepositoryTest in 2.159 seconds (process running for 2.989)
]]></system-out>
    <system-err><![CDATA[WARNING: A Java agent has been loaded dynamically (/home/david/.m2/repository/net/bytebuddy/byte-buddy-agent/1.14.10/byte-buddy-agent-1.14.10.jar)
WARNING: If a serviceability tool is in use, please run with -XX:+EnableDynamicAgentLoading to hide this warning
WARNING: If a serviceability tool is not in use, please run with -Djdk.instrument.traceUsage for more information
WARNING: Dynamic loading of agents will be disallowed by default in a future release
]]></system-err>
  </testcase>
  <testcase name="shouldNotFindANotExistingUser" classname="es.uca.iw.telefonuca.user.unit.UserRepositoryTest" time="0.024">
    <system-out><![CDATA[Hibernate: select u1_0.id,u1_0.active,u1_0.email,u1_0.name,u1_0.password,u1_0.register_code,r1_0.user_id,r1_0.roles,u1_0.surname,u1_0.username from app_users u1_0 left join user_roles r1_0 on u1_0.id=r1_0.user_id where u1_0.id=?
]]></system-out>
  </testcase>
</testsuite>